  [1m[36mSQL (0.3ms)[0m  [1m SELECT name
 FROM sqlite_master
 WHERE type = 'table' AND NOT name = 'sqlite_sequence'
[0m
  [1m[35mSQL (0.1ms)[0m  select sqlite_version(*)
  [1m[36mSQL (91.4ms)[0m  [1mCREATE TABLE "schema_migrations" ("version" varchar(255) NOT NULL) [0m
  [1m[35mSQL (0.1ms)[0m  PRAGMA index_list("schema_migrations")
  [1m[36mSQL (42.6ms)[0m  [1mCREATE UNIQUE INDEX "unique_schema_migrations" ON "schema_migrations" ("version")[0m
  [1m[35mSQL (0.2ms)[0m   SELECT name
 FROM sqlite_master
 WHERE type = 'table' AND NOT name = 'sqlite_sequence'
  [1m[36mSQL (0.1ms)[0m  [1m SELECT name
 FROM sqlite_master
 WHERE type = 'table' AND NOT name = 'sqlite_sequence'
[0m
  [1m[35mSQL (0.1ms)[0m  SELECT "schema_migrations"."version" FROM "schema_migrations"
Migrating to CreateUsers (20110522173543)
  [1m[36mSQL (0.4ms)[0m  [1mCREATE TABLE "users" ("id" INTEGER PRIMARY KEY AUTOINCREMENT NOT NULL, "name" varchar(255), "email" varchar(255), "password" varchar(255), "created_at" datetime, "updated_at" datetime) [0m
  [1m[35mSQL (0.1ms)[0m  INSERT INTO "schema_migrations" ("version") VALUES ('20110522173543')
  [1m[36mSQL (0.2ms)[0m  [1m SELECT name
 FROM sqlite_master
 WHERE type = 'table' AND NOT name = 'sqlite_sequence'
[0m
  [1m[35mSQL (0.1ms)[0m  SELECT "schema_migrations"."version" FROM "schema_migrations"
  [1m[36mSQL (0.1ms)[0m  [1m SELECT name
 FROM sqlite_master
 WHERE type = 'table' AND NOT name = 'sqlite_sequence'
[0m
  [1m[35mSQL (0.0ms)[0m  PRAGMA index_list("users")
  [1m[36mSQL (0.4ms)[0m  [1m SELECT name
 FROM sqlite_master
 WHERE type = 'table' AND NOT name = 'sqlite_sequence'
[0m
  [1m[35mSQL (0.1ms)[0m   SELECT name
 FROM sqlite_master
 WHERE type = 'table' AND NOT name = 'sqlite_sequence'
  [1m[36mSQL (0.1ms)[0m  [1mSELECT "schema_migrations"."version" FROM "schema_migrations"[0m
Migrating to CreateUsers (20110522173543)
Migrating to AddPasswordToUsers (20110522173704)
  [1m[35mSQL (0.0ms)[0m  select sqlite_version(*)
  [1m[36mSQL (0.4ms)[0m  [1mALTER TABLE "users" ADD "encrypted_password" varchar(255)[0m
  [1m[35mSQL (0.1ms)[0m  INSERT INTO "schema_migrations" ("version") VALUES ('20110522173704')
  [1m[36mSQL (0.2ms)[0m  [1m SELECT name
 FROM sqlite_master
 WHERE type = 'table' AND NOT name = 'sqlite_sequence'
[0m
  [1m[35mSQL (0.1ms)[0m  SELECT "schema_migrations"."version" FROM "schema_migrations"
  [1m[36mSQL (0.1ms)[0m  [1m SELECT name
 FROM sqlite_master
 WHERE type = 'table' AND NOT name = 'sqlite_sequence'
[0m
  [1m[35mSQL (0.0ms)[0m  PRAGMA index_list("users")
  [1m[36mSQL (0.4ms)[0m  [1m SELECT name
 FROM sqlite_master
 WHERE type = 'table' AND NOT name = 'sqlite_sequence'
[0m
  [1m[35mSQL (0.1ms)[0m   SELECT name
 FROM sqlite_master
 WHERE type = 'table' AND NOT name = 'sqlite_sequence'
  [1m[36mSQL (0.1ms)[0m  [1mSELECT "schema_migrations"."version" FROM "schema_migrations"[0m
Migrating to CreateUsers (20110522173543)
Migrating to AddPasswordToUsers (20110522173704)
Migrating to AddSaltToUsers (20110522173919)
  [1m[35mSQL (0.0ms)[0m  select sqlite_version(*)
  [1m[36mSQL (0.4ms)[0m  [1mALTER TABLE "users" ADD "salt" varchar(255)[0m
  [1m[35mSQL (0.1ms)[0m  INSERT INTO "schema_migrations" ("version") VALUES ('20110522173919')
  [1m[36mSQL (0.2ms)[0m  [1m SELECT name
 FROM sqlite_master
 WHERE type = 'table' AND NOT name = 'sqlite_sequence'
[0m
  [1m[35mSQL (0.1ms)[0m  SELECT "schema_migrations"."version" FROM "schema_migrations"
  [1m[36mSQL (0.1ms)[0m  [1m SELECT name
 FROM sqlite_master
 WHERE type = 'table' AND NOT name = 'sqlite_sequence'
[0m
  [1m[35mSQL (0.0ms)[0m  PRAGMA index_list("users")
  [1m[36mSQL (0.4ms)[0m  [1m SELECT name
 FROM sqlite_master
 WHERE type = 'table' AND NOT name = 'sqlite_sequence'
[0m
  [1m[35mSQL (0.1ms)[0m   SELECT name
 FROM sqlite_master
 WHERE type = 'table' AND NOT name = 'sqlite_sequence'
  [1m[36mSQL (0.1ms)[0m  [1mSELECT "schema_migrations"."version" FROM "schema_migrations"[0m
  [1m[35mSQL (0.1ms)[0m  select sqlite_version(*)
  [1m[36mSQL (0.2ms)[0m  [1m SELECT name
 FROM sqlite_master
 WHERE type = 'table' AND NOT name = 'sqlite_sequence'
[0m
  [1m[35mSQL (90.1ms)[0m  CREATE TABLE "users" ("id" INTEGER PRIMARY KEY AUTOINCREMENT NOT NULL, "name" varchar(255), "email" varchar(255), "password" varchar(255), "created_at" datetime, "updated_at" datetime, "encrypted_password" varchar(255), "salt" varchar(255)) 
  [1m[36mSQL (0.2ms)[0m  [1m SELECT name
 FROM sqlite_master
 WHERE type = 'table' AND NOT name = 'sqlite_sequence'
[0m
  [1m[35mSQL (42.4ms)[0m  CREATE TABLE "schema_migrations" ("version" varchar(255) NOT NULL) 
  [1m[36mSQL (0.1ms)[0m  [1mPRAGMA index_list("schema_migrations")[0m
  [1m[35mSQL (51.7ms)[0m  CREATE UNIQUE INDEX "unique_schema_migrations" ON "schema_migrations" ("version")
  [1m[36mSQL (0.2ms)[0m  [1m SELECT name
 FROM sqlite_master
 WHERE type = 'table' AND NOT name = 'sqlite_sequence'
[0m
  [1m[35mSQL (0.1ms)[0m  SELECT version FROM "schema_migrations"
  [1m[36mSQL (50.6ms)[0m  [1mINSERT INTO "schema_migrations" (version) VALUES ('20110522173919')[0m
  [1m[35mSQL (84.5ms)[0m  INSERT INTO "schema_migrations" (version) VALUES ('20110522173543')
  [1m[36mSQL (109.2ms)[0m  [1mINSERT INTO "schema_migrations" (version) VALUES ('20110522173704')[0m


Started GET "/users" for 127.0.0.1 at Sun May 22 10:40:59 -0700 2011
  Processing by UsersController#index as HTML
  [1m[36mUser Load (0.4ms)[0m  [1mSELECT "users".* FROM "users"[0m
Rendered users/index.html.erb within layouts/application (2.3ms)
Completed 200 OK in 29ms (Views: 5.7ms | ActiveRecord: 0.4ms)


Started GET "/users/new" for 127.0.0.1 at Sun May 22 10:41:00 -0700 2011
  Processing by UsersController#new as HTML
Rendered users/_form.html.erb (68.9ms)
Rendered users/new.html.erb within layouts/application (72.0ms)
Completed 200 OK in 84ms (Views: 75.5ms | ActiveRecord: 0.0ms)


Started POST "/users" for 127.0.0.1 at Sun May 22 10:41:17 -0700 2011
  Processing by UsersController#create as HTML
  Parameters: {"commit"=>"Create User", "authenticity_token"=>"3kL4I9iFTuDILyfDd85wQPJ8f8/feG6LER9D7zc0lT0=", "utf8"=>"✓", "user"=>{"name"=>"William Holloway", "password"=>"[FILTERED]", "email"=>"wjdhollow@gmail.com"}}
  [1m[35mSQL (0.2ms)[0m  SELECT 1 FROM "users" WHERE ("users"."name" = 'William Holloway') LIMIT 1
  [1m[36mSQL (0.1ms)[0m  [1mSELECT 1 FROM "users" WHERE (LOWER("users"."email") = LOWER('wjdhollow@gmail.com')) LIMIT 1[0m
  [1m[35mSQL (0.2ms)[0m   SELECT name
 FROM sqlite_master
 WHERE type = 'table' AND NOT name = 'sqlite_sequence'
  [1m[36mAREL (0.3ms)[0m  [1mINSERT INTO "users" ("email", "salt", "updated_at", "created_at", "password", "name", "encrypted_password") VALUES ('wjdhollow@gmail.com', 'b469b7a59aade0c235d0b492d02b756a0564ed61fdbc98dcda6c4acf92be5f15', '2011-05-22 17:41:17.694993', '2011-05-22 17:41:17.694993', NULL, 'William Holloway', '7fab2e49995fa7d03a2bbe6e4f242861af3167e5360f73f11ce94eed0118da1c')[0m
Redirected to http://localhost:3000/users/1
Completed 302 Found in 195ms


Started GET "/users/1" for 127.0.0.1 at Sun May 22 10:41:17 -0700 2011
  Processing by UsersController#show as HTML
  Parameters: {"id"=>"1"}
  [1m[35mUser Load (0.2ms)[0m  SELECT "users".* FROM "users" WHERE "users"."id" = 1 LIMIT 1
Rendered users/show.html.erb within layouts/application (12.1ms)
Completed 200 OK in 25ms (Views: 15.7ms | ActiveRecord: 0.2ms)
  [1m[36mSQL (0.4ms)[0m  [1m SELECT name
 FROM sqlite_master
 WHERE type = 'table' AND NOT name = 'sqlite_sequence'
[0m
  [1m[35mSQL (0.1ms)[0m   SELECT name
 FROM sqlite_master
 WHERE type = 'table' AND NOT name = 'sqlite_sequence'
  [1m[36mSQL (0.1ms)[0m  [1mSELECT "schema_migrations"."version" FROM "schema_migrations"[0m
Migrating to CreateUsers (20110522173543)
Migrating to AddPasswordToUsers (20110522173704)
Migrating to AddSaltToUsers (20110522173919)
Migrating to CreateEvents (20110522174232)
  [1m[35mSQL (0.1ms)[0m  select sqlite_version(*)
  [1m[36mSQL (0.4ms)[0m  [1mCREATE TABLE "events" ("id" INTEGER PRIMARY KEY AUTOINCREMENT NOT NULL, "title" varchar(255), "date" date, "body" text, "user_id" integer, "created_at" datetime, "updated_at" datetime) [0m
  [1m[35mSQL (0.1ms)[0m  INSERT INTO "schema_migrations" ("version") VALUES ('20110522174232')
  [1m[36mSQL (0.2ms)[0m  [1m SELECT name
 FROM sqlite_master
 WHERE type = 'table' AND NOT name = 'sqlite_sequence'
[0m
  [1m[35mSQL (0.1ms)[0m  SELECT "schema_migrations"."version" FROM "schema_migrations"
  [1m[36mSQL (0.1ms)[0m  [1m SELECT name
 FROM sqlite_master
 WHERE type = 'table' AND NOT name = 'sqlite_sequence'
[0m
  [1m[35mSQL (0.0ms)[0m  PRAGMA index_list("events")
  [1m[36mSQL (0.0ms)[0m  [1mPRAGMA index_list("users")[0m


Started GET "/users/1" for 127.0.0.1 at Sun May 22 10:57:02 -0700 2011
  Processing by UsersController#show as HTML
  Parameters: {"id"=>"1"}
  [1m[36mSQL (0.5ms)[0m  [1m SELECT name
 FROM sqlite_master
 WHERE type = 'table' AND NOT name = 'sqlite_sequence'
[0m
  [1m[35mUser Load (0.2ms)[0m  SELECT "users".* FROM "users" WHERE "users"."id" = 1 LIMIT 1
  [1m[36mEvent Load (0.2ms)[0m  [1mSELECT "events".* FROM "events" WHERE ("events".user_id = 1)[0m
Rendered users/show.html.erb within layouts/application (98.7ms)
Completed   in 137ms

ActionView::Template::Error (undefined method `date' for #<ActionView::Helpers::FormBuilder:0x7fc3ac77bdf8>):
    41:   </div>
    42:   <div class="field">
    43:     <%= f.label :date %>
    44:     <%= f.date  :date %>
    45:   </div>
    46:   <div class="field">
    47:     <%= f.label :body %><br />
  app/views/users/show.html.erb:44:in `_app_views_users_show_html_erb__1799744672_70239193026240_0'
  app/views/users/show.html.erb:37:in `_app_views_users_show_html_erb__1799744672_70239193026240_0'
  app/controllers/users_controller.rb:18:in `show'

Rendered /var/lib/gems/1.8/gems/actionpack-3.0.7/lib/action_dispatch/middleware/templates/rescues/_trace.erb (1.2ms)
Rendered /var/lib/gems/1.8/gems/actionpack-3.0.7/lib/action_dispatch/middleware/templates/rescues/_request_and_response.erb (5.7ms)
Rendered /var/lib/gems/1.8/gems/actionpack-3.0.7/lib/action_dispatch/middleware/templates/rescues/template_error.erb within rescues/layout (11.9ms)


Started GET "/users/1" for 127.0.0.1 at Sun May 22 10:59:22 -0700 2011
  Processing by UsersController#show as HTML
  Parameters: {"id"=>"1"}
  [1m[36mSQL (0.5ms)[0m  [1m SELECT name
 FROM sqlite_master
 WHERE type = 'table' AND NOT name = 'sqlite_sequence'
[0m
  [1m[35mUser Load (0.2ms)[0m  SELECT "users".* FROM "users" WHERE "users"."id" = 1 LIMIT 1
  [1m[36mEvent Load (0.2ms)[0m  [1mSELECT "events".* FROM "events" WHERE ("events".user_id = 1)[0m
Rendered users/show.html.erb within layouts/application (96.3ms)
Completed 200 OK in 134ms (Views: 99.6ms | ActiveRecord: 0.8ms)


Started POST "/users/1/events" for 127.0.0.1 at Sun May 22 10:59:53 -0700 2011
  Processing by EventsController#create as HTML
  Parameters: {"commit"=>"Create Event", "authenticity_token"=>"3kL4I9iFTuDILyfDd85wQPJ8f8/feG6LER9D7zc0lT0=", "utf8"=>"✓", "event"=>{"date(1i)"=>"2010", "title"=>"My Birthday", "date(2i)"=>"6", "body"=>"Today was my birthday, I had a good day", "date(3i)"=>"11"}, "user_id"=>"1"}
  [1m[35mUser Load (0.2ms)[0m  SELECT "users".* FROM "users" WHERE "users"."id" = 1 LIMIT 1
Redirected to http://localhost:3000/users/1
Completed 302 Found in 34ms


Started GET "/users/1" for 127.0.0.1 at Sun May 22 10:59:53 -0700 2011
  Processing by UsersController#show as HTML
  Parameters: {"id"=>"1"}
  [1m[36mUser Load (0.2ms)[0m  [1mSELECT "users".* FROM "users" WHERE "users"."id" = 1 LIMIT 1[0m
  [1m[35mEvent Load (0.2ms)[0m  SELECT "events".* FROM "events" WHERE ("events".user_id = 1)
Rendered users/show.html.erb within layouts/application (82.7ms)
Completed 200 OK in 97ms (Views: 86.0ms | ActiveRecord: 0.3ms)


Started GET "/events" for 127.0.0.1 at Sun May 22 11:00:23 -0700 2011

ActionController::RoutingError (No route matches "/events"):
  

Rendered /var/lib/gems/1.8/gems/actionpack-3.0.7/lib/action_dispatch/middleware/templates/rescues/routing_error.erb within rescues/layout (0.8ms)


Started GET "/users" for 127.0.0.1 at Sun May 22 11:00:31 -0700 2011
  Processing by UsersController#index as HTML
  [1m[36mUser Load (0.3ms)[0m  [1mSELECT "users".* FROM "users"[0m
Rendered users/index.html.erb within layouts/application (11.0ms)
Completed 200 OK in 24ms (Views: 14.2ms | ActiveRecord: 0.3ms)


Started GET "/users/1" for 127.0.0.1 at Sun May 22 11:00:35 -0700 2011
  Processing by UsersController#show as HTML
  Parameters: {"id"=>"1"}
  [1m[35mUser Load (0.2ms)[0m  SELECT "users".* FROM "users" WHERE "users"."id" = 1 LIMIT 1
  [1m[36mEvent Load (0.2ms)[0m  [1mSELECT "events".* FROM "events" WHERE ("events".user_id = 1)[0m
Rendered users/show.html.erb within layouts/application (73.3ms)
Completed 200 OK in 133ms (Views: 76.4ms | ActiveRecord: 0.4ms)
  [1m[36mEvent Load (0.4ms)[0m  [1mSELECT "events".* FROM "events"[0m
  [1m[35mUser Load (0.2ms)[0m  SELECT "users".* FROM "users"


Started GET "/users/" for 127.0.0.1 at Sun May 22 11:02:25 -0700 2011
  Processing by UsersController#index as HTML
  [1m[36mUser Load (0.5ms)[0m  [1mSELECT "users".* FROM "users"[0m
Rendered users/index.html.erb within layouts/application (62.6ms)
Completed 200 OK in 100ms (Views: 66.0ms | ActiveRecord: 0.5ms)


Started GET "/users/1" for 127.0.0.1 at Sun May 22 11:02:27 -0700 2011
  Processing by UsersController#show as HTML
  Parameters: {"id"=>"1"}
  [1m[35mSQL (0.2ms)[0m   SELECT name
 FROM sqlite_master
 WHERE type = 'table' AND NOT name = 'sqlite_sequence'
  [1m[36mUser Load (0.2ms)[0m  [1mSELECT "users".* FROM "users" WHERE "users"."id" = 1 LIMIT 1[0m
  [1m[35mEvent Load (0.2ms)[0m  SELECT "events".* FROM "events" WHERE ("events".user_id = 1)
Rendered users/show.html.erb within layouts/application (89.9ms)
Completed 200 OK in 104ms (Views: 92.9ms | ActiveRecord: 0.6ms)


Started POST "/users/1/events" for 127.0.0.1 at Sun May 22 11:02:48 -0700 2011
  Processing by EventsController#create as HTML
  Parameters: {"commit"=>"Create Event", "authenticity_token"=>"3kL4I9iFTuDILyfDd85wQPJ8f8/feG6LER9D7zc0lT0=", "utf8"=>"✓", "event"=>{"date(1i)"=>"2010", "title"=>"My Birthday", "date(2i)"=>"6", "body"=>"Today was my birthday", "date(3i)"=>"11"}, "user_id"=>"1"}
  [1m[36mUser Load (0.2ms)[0m  [1mSELECT "users".* FROM "users" WHERE "users"."id" = 1 LIMIT 1[0m
  [1m[35mAREL (0.3ms)[0m  INSERT INTO "events" ("body", "user_id", "updated_at", "date", "title", "created_at") VALUES ('Today was my birthday', 1, '2011-05-22 18:02:48.825919', '2010-06-11', 'My Birthday', '2011-05-22 18:02:48.825919')
Redirected to http://localhost:3000/users/1
Completed 302 Found in 195ms


Started GET "/users/1" for 127.0.0.1 at Sun May 22 11:02:48 -0700 2011
  Processing by UsersController#show as HTML
  Parameters: {"id"=>"1"}
  [1m[36mUser Load (0.1ms)[0m  [1mSELECT "users".* FROM "users" WHERE "users"."id" = 1 LIMIT 1[0m
  [1m[35mEvent Load (0.2ms)[0m  SELECT "events".* FROM "events" WHERE ("events".user_id = 1)
Rendered users/show.html.erb within layouts/application (90.8ms)
Completed 200 OK in 107ms (Views: 94.0ms | ActiveRecord: 0.4ms)


Started GET "/users/" for 127.0.0.1 at Sun May 22 11:12:42 -0700 2011
  Processing by UsersController#index as HTML
  [1m[36mUser Load (0.5ms)[0m  [1mSELECT "users".* FROM "users"[0m
Rendered users/index.html.erb within layouts/application (62.3ms)
Completed 200 OK in 99ms (Views: 65.7ms | ActiveRecord: 0.5ms)


Started GET "/users/1" for 127.0.0.1 at Sun May 22 11:12:45 -0700 2011
  Processing by UsersController#show as HTML
  Parameters: {"id"=>"1"}
  [1m[35mSQL (0.2ms)[0m   SELECT name
 FROM sqlite_master
 WHERE type = 'table' AND NOT name = 'sqlite_sequence'
  [1m[36mUser Load (0.2ms)[0m  [1mSELECT "users".* FROM "users" WHERE "users"."id" = 1 LIMIT 1[0m
  [1m[35mEvent Load (0.2ms)[0m  SELECT "events".* FROM "events" WHERE ("events".user_id = 1)
Rendered users/show.html.erb within layouts/application (71.4ms)
Completed   in 85ms

ActionView::Template::Error (Missing partial events/event with {:locale=>[:en, :en], :handlers=>[:erb, :rjs, :builder, :rhtml, :rxml], :formats=>[:html]} in view paths "/home/wjholl/rails_projects/xlogger2/app/views"):
    17: 
    18: <h2>Events</h2>
    19: <%= render :partial => "events/event",
    20:            :collection => @user.events %>
    21:  
    22: 
    23: <h2>Add an Event:</h2>
  app/views/users/show.html.erb:20:in `_app_views_users_show_html_erb__1799744672_69880917092060_0'
  app/controllers/users_controller.rb:18:in `show'

Rendered /var/lib/gems/1.8/gems/actionpack-3.0.7/lib/action_dispatch/middleware/templates/rescues/_trace.erb (1.0ms)
Rendered /var/lib/gems/1.8/gems/actionpack-3.0.7/lib/action_dispatch/middleware/templates/rescues/_request_and_response.erb (5.6ms)
Rendered /var/lib/gems/1.8/gems/actionpack-3.0.7/lib/action_dispatch/middleware/templates/rescues/template_error.erb within rescues/layout (10.1ms)


Started GET "/users/1" for 127.0.0.1 at Sun May 22 11:14:51 -0700 2011
  Processing by UsersController#show as HTML
  Parameters: {"id"=>"1"}
  [1m[36mSQL (0.5ms)[0m  [1m SELECT name
 FROM sqlite_master
 WHERE type = 'table' AND NOT name = 'sqlite_sequence'
[0m
  [1m[35mUser Load (0.2ms)[0m  SELECT "users".* FROM "users" WHERE "users"."id" = 1 LIMIT 1
  [1m[36mEvent Load (0.2ms)[0m  [1mSELECT "events".* FROM "events" WHERE ("events".user_id = 1)[0m
Rendered events/_event.html.erb (8.1ms)
Rendered users/show.html.erb within layouts/application (100.4ms)
Completed 200 OK in 139ms (Views: 103.6ms | ActiveRecord: 0.9ms)


Started GET "/users/1" for 127.0.0.1 at Sun May 22 11:20:45 -0700 2011
  Processing by UsersController#show as HTML
  Parameters: {"id"=>"1"}
  [1m[36mSQL (0.5ms)[0m  [1m SELECT name
 FROM sqlite_master
 WHERE type = 'table' AND NOT name = 'sqlite_sequence'
[0m
  [1m[35mUser Load (0.2ms)[0m  SELECT "users".* FROM "users" WHERE "users"."id" = 1 LIMIT 1
  [1m[36mEvent Load (0.2ms)[0m  [1mSELECT "events".* FROM "events" WHERE ("events".user_id = 1)[0m
  [1m[35mCACHE (0.0ms)[0m  SELECT "users".* FROM "users" WHERE "users"."id" = 1 LIMIT 1
Rendered events/_event.html.erb (11.9ms)
Rendered events/_form.html.erb (10.7ms)
Rendered users/show.html.erb within layouts/application (101.3ms)
Completed 200 OK in 140ms (Views: 104.5ms | ActiveRecord: 0.9ms)
  [1m[36mSQL (0.4ms)[0m  [1m SELECT name
 FROM sqlite_master
 WHERE type = 'table' AND NOT name = 'sqlite_sequence'
[0m
  [1m[35mSQL (0.1ms)[0m   SELECT name
 FROM sqlite_master
 WHERE type = 'table' AND NOT name = 'sqlite_sequence'
  [1m[36mSQL (0.1ms)[0m  [1mSELECT "schema_migrations"."version" FROM "schema_migrations"[0m
Migrating to CreateUsers (20110522173543)
Migrating to AddPasswordToUsers (20110522173704)
Migrating to AddSaltToUsers (20110522173919)
Migrating to CreateEvents (20110522174232)
Migrating to CreateTags (20110522182200)
  [1m[35mSQL (0.0ms)[0m  select sqlite_version(*)
  [1m[36mSQL (0.4ms)[0m  [1mCREATE TABLE "tags" ("id" INTEGER PRIMARY KEY AUTOINCREMENT NOT NULL, "name" varchar(255), "event_id" integer, "created_at" datetime, "updated_at" datetime) [0m
  [1m[35mSQL (0.1ms)[0m  INSERT INTO "schema_migrations" ("version") VALUES ('20110522182200')
  [1m[36mSQL (0.2ms)[0m  [1m SELECT name
 FROM sqlite_master
 WHERE type = 'table' AND NOT name = 'sqlite_sequence'
[0m
  [1m[35mSQL (0.1ms)[0m  SELECT "schema_migrations"."version" FROM "schema_migrations"
  [1m[36mSQL (0.1ms)[0m  [1m SELECT name
 FROM sqlite_master
 WHERE type = 'table' AND NOT name = 'sqlite_sequence'
[0m
  [1m[35mSQL (0.0ms)[0m  PRAGMA index_list("events")
  [1m[36mSQL (0.0ms)[0m  [1mPRAGMA index_list("tags")[0m
  [1m[35mSQL (0.0ms)[0m  PRAGMA index_list("users")


Started GET "/users/1" for 127.0.0.1 at Sun May 22 11:40:29 -0700 2011
  Processing by UsersController#show as HTML
  Parameters: {"id"=>"1"}
  [1m[36mSQL (0.5ms)[0m  [1m SELECT name
 FROM sqlite_master
 WHERE type = 'table' AND NOT name = 'sqlite_sequence'
[0m
  [1m[35mUser Load (0.2ms)[0m  SELECT "users".* FROM "users" WHERE "users"."id" = 1 LIMIT 1
Rendered users/show.html.erb within layouts/application (61.9ms)
Completed   in 100ms

ActionView::Template::Error (undefined method `tags' for nil:NilClass):
    17: 
    18: <p>
    19:   <b>Tags:</b>
    20:   <%= @post.tags.map { |t| t.name }.join(", ") %>
    21: </p>
    22: 
    23: <h2>Events</h2>
  app/views/users/show.html.erb:20:in `_app_views_users_show_html_erb__1799744672_70275399535540_0'
  app/controllers/users_controller.rb:18:in `show'

Rendered /var/lib/gems/1.8/gems/actionpack-3.0.7/lib/action_dispatch/middleware/templates/rescues/_trace.erb (3.6ms)
Rendered /var/lib/gems/1.8/gems/actionpack-3.0.7/lib/action_dispatch/middleware/templates/rescues/_request_and_response.erb (5.9ms)
Rendered /var/lib/gems/1.8/gems/actionpack-3.0.7/lib/action_dispatch/middleware/templates/rescues/template_error.erb within rescues/layout (13.8ms)


Started GET "/users/1" for 127.0.0.1 at Sun May 22 11:42:14 -0700 2011
  Processing by UsersController#show as HTML
  Parameters: {"id"=>"1"}
  [1m[36mSQL (0.5ms)[0m  [1m SELECT name
 FROM sqlite_master
 WHERE type = 'table' AND NOT name = 'sqlite_sequence'
[0m
  [1m[35mUser Load (0.2ms)[0m  SELECT "users".* FROM "users" WHERE "users"."id" = 1 LIMIT 1
  [1m[36mEvent Load (0.2ms)[0m  [1mSELECT "events".* FROM "events" WHERE ("events".user_id = 1)[0m
Rendered events/_event.html.erb (10.8ms)
Rendered users/show.html.erb within layouts/application (88.8ms)
Completed   in 127ms

ActionView::Template::Error (undefined method `tags' for nil:NilClass):
    15: 
    16: <p>
    17:   <b>Tags:</b>
    18:   <%= @event.tags.map { |t| t.name }.join(", ") %>
    19: </p>
    20: 
    21: 
  app/views/events/_event.html.erb:18:in `_app_views_events__event_html_erb__756945552_70263750771860_3598092'
  app/views/users/show.html.erb:20:in `_app_views_users_show_html_erb__1799744672_70263749279160_0'
  app/controllers/users_controller.rb:18:in `show'

Rendered /var/lib/gems/1.8/gems/actionpack-3.0.7/lib/action_dispatch/middleware/templates/rescues/_trace.erb (1.1ms)
Rendered /var/lib/gems/1.8/gems/actionpack-3.0.7/lib/action_dispatch/middleware/templates/rescues/_request_and_response.erb (5.6ms)
Rendered /var/lib/gems/1.8/gems/actionpack-3.0.7/lib/action_dispatch/middleware/templates/rescues/template_error.erb within rescues/layout (10.1ms)


Started GET "/users/1" for 127.0.0.1 at Sun May 22 11:53:14 -0700 2011
  Processing by UsersController#show as HTML
  Parameters: {"id"=>"1"}
  [1m[36mSQL (0.5ms)[0m  [1m SELECT name
 FROM sqlite_master
 WHERE type = 'table' AND NOT name = 'sqlite_sequence'
[0m
  [1m[35mUser Load (0.2ms)[0m  SELECT "users".* FROM "users" WHERE "users"."id" = 1 LIMIT 1
  [1m[36mEvent Load (0.2ms)[0m  [1mSELECT "events".* FROM "events" WHERE ("events".user_id = 1)[0m
  [1m[35mCACHE (0.0ms)[0m  SELECT "users".* FROM "users" WHERE "users"."id" = 1 LIMIT 1
Rendered events/_event.html.erb (11.9ms)
Rendered events/_form.html.erb (10.6ms)
Rendered users/show.html.erb within layouts/application (102.4ms)
Completed 200 OK in 141ms (Views: 105.7ms | ActiveRecord: 0.9ms)
  [1m[36mSQL (0.4ms)[0m  [1m SELECT name
 FROM sqlite_master
 WHERE type = 'table' AND NOT name = 'sqlite_sequence'
[0m
  [1m[35mSQL (0.1ms)[0m   SELECT name
 FROM sqlite_master
 WHERE type = 'table' AND NOT name = 'sqlite_sequence'
  [1m[36mSQL (0.1ms)[0m  [1mSELECT "schema_migrations"."version" FROM "schema_migrations"[0m
Migrating to CreateUsers (20110522173543)
Migrating to AddPasswordToUsers (20110522173704)
Migrating to AddSaltToUsers (20110522173919)
Migrating to CreateEvents (20110522174232)
Migrating to CreateTags (20110522182200)
Migrating to CreateWorkouts (20110522190704)
  [1m[35mSQL (0.0ms)[0m  select sqlite_version(*)
  [1m[36mSQL (0.4ms)[0m  [1mCREATE TABLE "workouts" ("id" INTEGER PRIMARY KEY AUTOINCREMENT NOT NULL, "name" varchar(255), "body" text, "event_id" integer, "created_at" datetime, "updated_at" datetime) [0m
  [1m[35mSQL (0.1ms)[0m  INSERT INTO "schema_migrations" ("version") VALUES ('20110522190704')
  [1m[36mSQL (0.2ms)[0m  [1m SELECT name
 FROM sqlite_master
 WHERE type = 'table' AND NOT name = 'sqlite_sequence'
[0m
  [1m[35mSQL (0.1ms)[0m  SELECT "schema_migrations"."version" FROM "schema_migrations"
  [1m[36mSQL (0.1ms)[0m  [1m SELECT name
 FROM sqlite_master
 WHERE type = 'table' AND NOT name = 'sqlite_sequence'
[0m
  [1m[35mSQL (0.0ms)[0m  PRAGMA index_list("events")
  [1m[36mSQL (0.0ms)[0m  [1mPRAGMA index_list("tags")[0m
  [1m[35mSQL (0.0ms)[0m  PRAGMA index_list("users")
  [1m[36mSQL (0.0ms)[0m  [1mPRAGMA index_list("workouts")[0m
